<?xml version="1.0" encoding="UTF-8"?>
<!-- Generated by org.testng.reporters.JUnitReportReporter -->
<testsuite skipped="0" hostname="MANSI" name="tests.NewTest" tests="1" failures="0" timestamp="24 Aug 2020 18:34:19 GMT" time="56.598" errors="0">
  <testcase name="f" time="56.598" classname="tests.NewTest"/>
</testsuite> <!-- tests.NewTest -->
